<?xml version="1.0" encoding="UTF-8"?>
<coverage generated="1640622730807" clover="3.2.0">
  <project timestamp="1640622730807" name="All files">
    <metrics statements="90" coveredstatements="88" conditionals="59" coveredconditionals="50" methods="27" coveredmethods="27" elements="176" coveredelements="165" complexity="0" loc="90" ncloc="90" packages="1" files="3" classes="3"/>
    <file name="index.tsx" path="/Users/marco/Projects/use-combined-pagination/src/index.tsx">
      <metrics statements="0" coveredstatements="0" conditionals="0" coveredconditionals="0" methods="0" coveredmethods="0"/>
    </file>
    <file name="types.ts" path="/Users/marco/Projects/use-combined-pagination/src/types.ts">
      <metrics statements="0" coveredstatements="0" conditionals="0" coveredconditionals="0" methods="0" coveredmethods="0"/>
    </file>
    <file name="useCombinedPagination.ts" path="/Users/marco/Projects/use-combined-pagination/src/useCombinedPagination.ts">
      <metrics statements="90" coveredstatements="88" conditionals="59" coveredconditionals="50" methods="27" coveredmethods="27"/>
      <line num="5" count="1" type="stmt"/>
      <line num="6" count="71136840" type="stmt"/>
      <line num="8" count="176694" type="stmt"/>
      <line num="9" count="656426" type="stmt"/>
      <line num="11" count="656426" type="stmt"/>
      <line num="13" count="656426" type="stmt"/>
      <line num="16" count="656426" type="stmt"/>
      <line num="20" count="1" type="stmt"/>
      <line num="26" count="176694" type="stmt"/>
      <line num="27" count="176694" type="stmt"/>
      <line num="28" count="176694" type="stmt"/>
      <line num="30" count="14008020" type="stmt"/>
      <line num="32" count="176694" type="stmt"/>
      <line num="34" count="3346034" type="cond" truecount="1" falsecount="1"/>
      <line num="35" count="0" type="cond" truecount="0" falsecount="2"/>
      <line num="38" count="3346034" type="cond" truecount="2" falsecount="0"/>
      <line num="39" count="11" type="cond" truecount="1" falsecount="1"/>
      <line num="42" count="3346023" type="cond" truecount="1" falsecount="1"/>
      <line num="47" count="176694" type="stmt"/>
      <line num="49" count="3657976" type="cond" truecount="1" falsecount="1"/>
      <line num="50" count="0" type="cond" truecount="0" falsecount="2"/>
      <line num="53" count="3657976" type="cond" truecount="2" falsecount="0"/>
      <line num="54" count="19" type="cond" truecount="2" falsecount="0"/>
      <line num="57" count="3657957" type="cond" truecount="2" falsecount="0"/>
      <line num="62" count="176694" type="stmt"/>
      <line num="64" count="43917" type="cond" truecount="1" falsecount="1"/>
      <line num="67" count="10780200" type="cond" truecount="2" falsecount="0"/>
      <line num="74" count="176694" type="stmt"/>
      <line num="75" count="163236" type="stmt"/>
      <line num="79" count="176694" type="stmt"/>
      <line num="81" count="42914" type="stmt"/>
      <line num="83" count="42914" type="stmt"/>
      <line num="84" count="3346034" type="cond" truecount="2" falsecount="0"/>
      <line num="87" count="42914" type="stmt"/>
      <line num="92" count="176694" type="stmt"/>
      <line num="94" count="155971" type="stmt"/>
      <line num="95" count="155971" type="cond" truecount="2" falsecount="0"/>
      <line num="97" count="155971" type="stmt"/>
      <line num="109" count="176694" type="stmt"/>
      <line num="111" count="163236" type="cond" truecount="2" falsecount="0"/>
      <line num="115" count="176694" type="stmt"/>
      <line num="117" count="43917" type="stmt"/>
      <line num="118" count="3346034" type="stmt"/>
      <line num="124" count="176694" type="stmt"/>
      <line num="136" count="49613" type="stmt"/>
      <line num="137" count="49613" type="cond" truecount="2" falsecount="0"/>
      <line num="140" count="49613" type="cond" truecount="2" falsecount="0"/>
      <line num="142" count="49613" type="cond" truecount="2" falsecount="0"/>
      <line num="143" count="2" type="stmt"/>
      <line num="145" count="49611" type="cond" truecount="2" falsecount="0"/>
      <line num="146" count="49611" type="stmt"/>
      <line num="149" count="49613" type="stmt"/>
      <line num="154" count="176694" type="stmt"/>
      <line num="156" count="43917" type="stmt"/>
      <line num="157" count="43917" type="stmt"/>
      <line num="160" count="43917" type="stmt"/>
      <line num="161" count="43917" type="stmt"/>
      <line num="165" count="43917" type="stmt"/>
      <line num="166" count="163236" type="stmt"/>
      <line num="168" count="163236" type="cond" truecount="2" falsecount="0"/>
      <line num="176" count="49606" type="stmt"/>
      <line num="183" count="49606" type="stmt"/>
      <line num="184" count="49606" type="cond" truecount="2" falsecount="0"/>
      <line num="185" count="46166" type="stmt"/>
      <line num="186" count="46166" type="cond" truecount="2" falsecount="0"/>
      <line num="187" count="46166" type="stmt"/>
      <line num="193" count="3440" type="stmt"/>
      <line num="195" count="113630" type="cond" truecount="2" falsecount="0"/>
      <line num="196" count="109805" type="stmt"/>
      <line num="204" count="43917" type="stmt"/>
      <line num="207" count="43917" type="cond" truecount="2" falsecount="0"/>
      <line num="214" count="43917" type="stmt"/>
      <line num="216" count="43917" type="stmt"/>
      <line num="217" count="43917" type="stmt"/>
      <line num="218" count="43917" type="stmt"/>
      <line num="219" count="43917" type="stmt"/>
      <line num="234" count="176694" type="stmt"/>
      <line num="236" count="8" type="stmt"/>
      <line num="238" count="8" type="cond" truecount="2" falsecount="0"/>
      <line num="239" count="1" type="stmt"/>
      <line num="242" count="7" type="stmt"/>
      <line num="248" count="7" type="stmt"/>
      <line num="249" count="7" type="cond" truecount="2" falsecount="0"/>
      <line num="250" count="1" type="stmt"/>
      <line num="252" count="6" type="stmt"/>
      <line num="254" count="7" type="stmt"/>
      <line num="256" count="7" type="stmt"/>
      <line num="261" count="176694" type="stmt"/>
      <line num="262" count="166718" type="stmt"/>
      <line num="265" count="176694" type="stmt"/>
    </file>
  </project>
</coverage>
