{"/Users/marco/Projects/use-combined-pagination/src/index.tsx": {"path":"/Users/marco/Projects/use-combined-pagination/src/index.tsx","statementMap":{},"fnMap":{},"branchMap":{},"s":{},"f":{},"b":{},"_coverageSchema":"43e27e138ebf9cfc5966b082cf9a028302ed4184","hash":"b0c7063c90a944d83f4a8ad4f218f449afc0853b"}
,"/Users/marco/Projects/use-combined-pagination/src/types.ts": {"path":"/Users/marco/Projects/use-combined-pagination/src/types.ts","statementMap":{},"fnMap":{},"branchMap":{},"s":{},"f":{},"b":{},"_coverageSchema":"43e27e138ebf9cfc5966b082cf9a028302ed4184","hash":"c50767ad2f19ad34f5ba879aaee253919e781b8e"}
,"/Users/marco/Projects/use-combined-pagination/src/useCombinedPagination.ts": {"path":"/Users/marco/Projects/use-combined-pagination/src/useCombinedPagination.ts","statementMap":{"0":{"start":{"line":5,"column":19},"end":{"line":6,"column":49}},"1":{"start":{"line":6,"column":2},"end":{"line":6,"column":49}},"2":{"start":{"line":6,"column":39},"end":{"line":6,"column":43}},"3":{"start":{"line":8,"column":31},"end":{"line":18,"column":2}},"4":{"start":{"line":8,"column":79},"end":{"line":18,"column":1}},"5":{"start":{"line":9,"column":27},"end":{"line":9,"column":29}},"6":{"start":{"line":11,"column":28},"end":{"line":11,"column":30}},"7":{"start":{"line":13,"column":42},"end":{"line":13,"column":43}},"8":{"start":{"line":16,"column":42},"end":{"line":16,"column":43}},"9":{"start":{"line":20,"column":37},"end":{"line":274,"column":1}},"10":{"start":{"line":26,"column":28},"end":{"line":26,"column":75}},"11":{"start":{"line":27,"column":32},"end":{"line":27,"column":56}},"12":{"start":{"line":28,"column":26},"end":{"line":28,"column":43}},"13":{"start":{"line":30,"column":22},"end":{"line":30,"column":78}},"14":{"start":{"line":30,"column":46},"end":{"line":30,"column":66}},"15":{"start":{"line":32,"column":19},"end":{"line":45,"column":3}},"16":{"start":{"line":34,"column":6},"end":{"line":36,"column":7}},"17":{"start":{"line":35,"column":8},"end":{"line":35,"column":52}},"18":{"start":{"line":38,"column":6},"end":{"line":40,"column":7}},"19":{"start":{"line":39,"column":8},"end":{"line":39,"column":86}},"20":{"start":{"line":42,"column":6},"end":{"line":42,"column":84}},"21":{"start":{"line":47,"column":20},"end":{"line":60,"column":3}},"22":{"start":{"line":49,"column":6},"end":{"line":51,"column":7}},"23":{"start":{"line":50,"column":8},"end":{"line":50,"column":52}},"24":{"start":{"line":53,"column":6},"end":{"line":55,"column":7}},"25":{"start":{"line":54,"column":8},"end":{"line":54,"column":86}},"26":{"start":{"line":57,"column":6},"end":{"line":57,"column":84}},"27":{"start":{"line":62,"column":20},"end":{"line":72,"column":3}},"28":{"start":{"line":64,"column":6},"end":{"line":70,"column":11}},"29":{"start":{"line":67,"column":12},"end":{"line":69,"column":49}},"30":{"start":{"line":74,"column":21},"end":{"line":77,"column":3}},"31":{"start":{"line":75,"column":21},"end":{"line":75,"column":99}},"32":{"start":{"line":75,"column":67},"end":{"line":75,"column":93}},"33":{"start":{"line":79,"column":20},"end":{"line":90,"column":3}},"34":{"start":{"line":81,"column":44},"end":{"line":81,"column":48}},"35":{"start":{"line":83,"column":26},"end":{"line":85,"column":7}},"36":{"start":{"line":84,"column":20},"end":{"line":84,"column":78}},"37":{"start":{"line":87,"column":6},"end":{"line":87,"column":24}},"38":{"start":{"line":92,"column":19},"end":{"line":107,"column":3}},"39":{"start":{"line":94,"column":31},"end":{"line":94,"column":58}},"40":{"start":{"line":95,"column":76},"end":{"line":95,"column":87}},"41":{"start":{"line":97,"column":6},"end":{"line":104,"column":7}},"42":{"start":{"line":109,"column":29},"end":{"line":113,"column":3}},"43":{"start":{"line":111,"column":6},"end":{"line":111,"column":53}},"44":{"start":{"line":115,"column":20},"end":{"line":122,"column":3}},"45":{"start":{"line":117,"column":6},"end":{"line":120,"column":7}},"46":{"start":{"line":118,"column":29},"end":{"line":118,"column":98}},"47":{"start":{"line":118,"column":65},"end":{"line":118,"column":96}},"48":{"start":{"line":124,"column":19},"end":{"line":152,"column":3}},"49":{"start":{"line":136,"column":21},"end":{"line":136,"column":41}},"50":{"start":{"line":137,"column":25},"end":{"line":137,"column":60}},"51":{"start":{"line":140,"column":23},"end":{"line":140,"column":58}},"52":{"start":{"line":142,"column":6},"end":{"line":147,"column":7}},"53":{"start":{"line":143,"column":8},"end":{"line":143,"column":28}},"54":{"start":{"line":145,"column":8},"end":{"line":145,"column":54}},"55":{"start":{"line":146,"column":8},"end":{"line":146,"column":49}},"56":{"start":{"line":149,"column":6},"end":{"line":149,"column":34}},"57":{"start":{"line":154,"column":18},"end":{"line":232,"column":3}},"58":{"start":{"line":156,"column":6},"end":{"line":156,"column":22}},"59":{"start":{"line":157,"column":21},"end":{"line":157,"column":33}},"60":{"start":{"line":160,"column":6},"end":{"line":160,"column":48}},"61":{"start":{"line":161,"column":6},"end":{"line":161,"column":55}},"62":{"start":{"line":165,"column":6},"end":{"line":202,"column":7}},"63":{"start":{"line":165,"column":29},"end":{"line":165,"column":30}},"64":{"start":{"line":166,"column":21},"end":{"line":166,"column":69}},"65":{"start":{"line":168,"column":8},"end":{"line":201,"column":9}},"66":{"start":{"line":176,"column":56},"end":{"line":181,"column":12}},"67":{"start":{"line":183,"column":10},"end":{"line":183,"column":42}},"68":{"start":{"line":184,"column":10},"end":{"line":194,"column":11}},"69":{"start":{"line":185,"column":12},"end":{"line":185,"column":56}},"70":{"start":{"line":186,"column":12},"end":{"line":186,"column":78}},"71":{"start":{"line":187,"column":12},"end":{"line":191,"column":14}},"72":{"start":{"line":193,"column":12},"end":{"line":193,"column":67}},"73":{"start":{"line":195,"column":15},"end":{"line":201,"column":9}},"74":{"start":{"line":196,"column":10},"end":{"line":200,"column":12}},"75":{"start":{"line":204,"column":19},"end":{"line":204,"column":52}},"76":{"start":{"line":207,"column":8},"end":{"line":212,"column":16}},"77":{"start":{"line":214,"column":6},"end":{"line":214,"column":85}},"78":{"start":{"line":216,"column":6},"end":{"line":216,"column":24}},"79":{"start":{"line":217,"column":6},"end":{"line":217,"column":23}},"80":{"start":{"line":218,"column":6},"end":{"line":218,"column":40}},"81":{"start":{"line":219,"column":6},"end":{"line":219,"column":24}},"82":{"start":{"line":234,"column":27},"end":{"line":259,"column":3}},"83":{"start":{"line":236,"column":19},"end":{"line":236,"column":73}},"84":{"start":{"line":238,"column":6},"end":{"line":240,"column":7}},"85":{"start":{"line":239,"column":8},"end":{"line":239,"column":17}},"86":{"start":{"line":242,"column":52},"end":{"line":246,"column":8}},"87":{"start":{"line":248,"column":23},"end":{"line":248,"column":44}},"88":{"start":{"line":249,"column":6},"end":{"line":253,"column":7}},"89":{"start":{"line":250,"column":8},"end":{"line":250,"column":72}},"90":{"start":{"line":252,"column":8},"end":{"line":252,"column":76}},"91":{"start":{"line":254,"column":6},"end":{"line":254,"column":24}},"92":{"start":{"line":256,"column":6},"end":{"line":256,"column":20}},"93":{"start":{"line":261,"column":18},"end":{"line":263,"column":13}},"94":{"start":{"line":262,"column":4},"end":{"line":262,"column":81}},"95":{"start":{"line":262,"column":59},"end":{"line":262,"column":69}},"96":{"start":{"line":265,"column":2},"end":{"line":273,"column":3}}},"fnMap":{"0":{"name":"(anonymous_0)","decl":{"start":{"line":5,"column":19},"end":{"line":5,"column":20}},"loc":{"start":{"line":6,"column":2},"end":{"line":6,"column":49}},"line":6},"1":{"name":"(anonymous_1)","decl":{"start":{"line":6,"column":29},"end":{"line":6,"column":30}},"loc":{"start":{"line":6,"column":39},"end":{"line":6,"column":43}},"line":6},"2":{"name":"(anonymous_2)","decl":{"start":{"line":8,"column":31},"end":{"line":8,"column":32}},"loc":{"start":{"line":8,"column":79},"end":{"line":18,"column":1}},"line":8},"3":{"name":"(anonymous_3)","decl":{"start":{"line":9,"column":21},"end":{"line":9,"column":22}},"loc":{"start":{"line":9,"column":27},"end":{"line":9,"column":29}},"line":9},"4":{"name":"(anonymous_4)","decl":{"start":{"line":11,"column":22},"end":{"line":11,"column":23}},"loc":{"start":{"line":11,"column":28},"end":{"line":11,"column":30}},"line":11},"5":{"name":"(anonymous_5)","decl":{"start":{"line":13,"column":36},"end":{"line":13,"column":37}},"loc":{"start":{"line":13,"column":42},"end":{"line":13,"column":43}},"line":13},"6":{"name":"(anonymous_6)","decl":{"start":{"line":16,"column":36},"end":{"line":16,"column":37}},"loc":{"start":{"line":16,"column":42},"end":{"line":16,"column":43}},"line":16},"7":{"name":"(anonymous_7)","decl":{"start":{"line":20,"column":37},"end":{"line":20,"column":38}},"loc":{"start":{"line":25,"column":70},"end":{"line":274,"column":1}},"line":25},"8":{"name":"(anonymous_8)","decl":{"start":{"line":30,"column":34},"end":{"line":30,"column":35}},"loc":{"start":{"line":30,"column":46},"end":{"line":30,"column":66}},"line":30},"9":{"name":"(anonymous_9)","decl":{"start":{"line":33,"column":4},"end":{"line":33,"column":5}},"loc":{"start":{"line":33,"column":43},"end":{"line":43,"column":5}},"line":33},"10":{"name":"(anonymous_10)","decl":{"start":{"line":48,"column":4},"end":{"line":48,"column":5}},"loc":{"start":{"line":48,"column":43},"end":{"line":58,"column":5}},"line":48},"11":{"name":"(anonymous_11)","decl":{"start":{"line":63,"column":4},"end":{"line":63,"column":5}},"loc":{"start":{"line":64,"column":6},"end":{"line":70,"column":11}},"line":64},"12":{"name":"(anonymous_12)","decl":{"start":{"line":66,"column":20},"end":{"line":66,"column":21}},"loc":{"start":{"line":67,"column":12},"end":{"line":69,"column":49}},"line":67},"13":{"name":"(anonymous_13)","decl":{"start":{"line":75,"column":4},"end":{"line":75,"column":5}},"loc":{"start":{"line":75,"column":21},"end":{"line":75,"column":99}},"line":75},"14":{"name":"(anonymous_14)","decl":{"start":{"line":75,"column":43},"end":{"line":75,"column":44}},"loc":{"start":{"line":75,"column":67},"end":{"line":75,"column":93}},"line":75},"15":{"name":"(anonymous_15)","decl":{"start":{"line":80,"column":4},"end":{"line":80,"column":5}},"loc":{"start":{"line":80,"column":50},"end":{"line":88,"column":5}},"line":80},"16":{"name":"(anonymous_16)","decl":{"start":{"line":84,"column":8},"end":{"line":84,"column":9}},"loc":{"start":{"line":84,"column":20},"end":{"line":84,"column":78}},"line":84},"17":{"name":"(anonymous_17)","decl":{"start":{"line":93,"column":4},"end":{"line":93,"column":5}},"loc":{"start":{"line":93,"column":34},"end":{"line":105,"column":5}},"line":93},"18":{"name":"(anonymous_18)","decl":{"start":{"line":110,"column":4},"end":{"line":110,"column":5}},"loc":{"start":{"line":111,"column":6},"end":{"line":111,"column":53}},"line":111},"19":{"name":"(anonymous_19)","decl":{"start":{"line":116,"column":4},"end":{"line":116,"column":5}},"loc":{"start":{"line":117,"column":6},"end":{"line":120,"column":7}},"line":117},"20":{"name":"(anonymous_20)","decl":{"start":{"line":118,"column":8},"end":{"line":118,"column":9}},"loc":{"start":{"line":118,"column":29},"end":{"line":118,"column":98}},"line":118},"21":{"name":"(anonymous_21)","decl":{"start":{"line":118,"column":56},"end":{"line":118,"column":57}},"loc":{"start":{"line":118,"column":65},"end":{"line":118,"column":96}},"line":118},"22":{"name":"(anonymous_22)","decl":{"start":{"line":125,"column":4},"end":{"line":125,"column":5}},"loc":{"start":{"line":135,"column":57},"end":{"line":150,"column":5}},"line":135},"23":{"name":"(anonymous_23)","decl":{"start":{"line":155,"column":4},"end":{"line":155,"column":5}},"loc":{"start":{"line":155,"column":32},"end":{"line":220,"column":5}},"line":155},"24":{"name":"(anonymous_24)","decl":{"start":{"line":235,"column":4},"end":{"line":235,"column":5}},"loc":{"start":{"line":235,"column":53},"end":{"line":257,"column":5}},"line":235},"25":{"name":"(anonymous_25)","decl":{"start":{"line":261,"column":26},"end":{"line":261,"column":27}},"loc":{"start":{"line":261,"column":32},"end":{"line":263,"column":3}},"line":261},"26":{"name":"(anonymous_26)","decl":{"start":{"line":262,"column":52},"end":{"line":262,"column":53}},"loc":{"start":{"line":262,"column":59},"end":{"line":262,"column":69}},"line":262}},"branchMap":{"0":{"loc":{"start":{"line":24,"column":2},"end":{"line":24,"column":24}},"type":"default-arg","locations":[{"start":{"line":24,"column":18},"end":{"line":24,"column":24}}],"line":24},"1":{"loc":{"start":{"line":33,"column":17},"end":{"line":33,"column":38}},"type":"default-arg","locations":[{"start":{"line":33,"column":26},"end":{"line":33,"column":38}}],"line":33},"2":{"loc":{"start":{"line":34,"column":6},"end":{"line":36,"column":7}},"type":"if","locations":[{"start":{"line":34,"column":6},"end":{"line":36,"column":7}},{"start":{"line":34,"column":6},"end":{"line":36,"column":7}}],"line":34},"3":{"loc":{"start":{"line":35,"column":15},"end":{"line":35,"column":52}},"type":"cond-expr","locations":[{"start":{"line":35,"column":20},"end":{"line":35,"column":35}},{"start":{"line":35,"column":38},"end":{"line":35,"column":52}}],"line":35},"4":{"loc":{"start":{"line":38,"column":6},"end":{"line":40,"column":7}},"type":"if","locations":[{"start":{"line":38,"column":6},"end":{"line":40,"column":7}},{"start":{"line":38,"column":6},"end":{"line":40,"column":7}}],"line":38},"5":{"loc":{"start":{"line":39,"column":15},"end":{"line":39,"column":86}},"type":"cond-expr","locations":[{"start":{"line":39,"column":20},"end":{"line":39,"column":52}},{"start":{"line":39,"column":55},"end":{"line":39,"column":86}}],"line":39},"6":{"loc":{"start":{"line":42,"column":13},"end":{"line":42,"column":84}},"type":"cond-expr","locations":[{"start":{"line":42,"column":18},"end":{"line":42,"column":50}},{"start":{"line":42,"column":53},"end":{"line":42,"column":84}}],"line":42},"7":{"loc":{"start":{"line":48,"column":17},"end":{"line":48,"column":38}},"type":"default-arg","locations":[{"start":{"line":48,"column":26},"end":{"line":48,"column":38}}],"line":48},"8":{"loc":{"start":{"line":49,"column":6},"end":{"line":51,"column":7}},"type":"if","locations":[{"start":{"line":49,"column":6},"end":{"line":51,"column":7}},{"start":{"line":49,"column":6},"end":{"line":51,"column":7}}],"line":49},"9":{"loc":{"start":{"line":50,"column":15},"end":{"line":50,"column":52}},"type":"cond-expr","locations":[{"start":{"line":50,"column":20},"end":{"line":50,"column":35}},{"start":{"line":50,"column":38},"end":{"line":50,"column":52}}],"line":50},"10":{"loc":{"start":{"line":53,"column":6},"end":{"line":55,"column":7}},"type":"if","locations":[{"start":{"line":53,"column":6},"end":{"line":55,"column":7}},{"start":{"line":53,"column":6},"end":{"line":55,"column":7}}],"line":53},"11":{"loc":{"start":{"line":54,"column":15},"end":{"line":54,"column":86}},"type":"cond-expr","locations":[{"start":{"line":54,"column":20},"end":{"line":54,"column":52}},{"start":{"line":54,"column":55},"end":{"line":54,"column":86}}],"line":54},"12":{"loc":{"start":{"line":57,"column":13},"end":{"line":57,"column":84}},"type":"cond-expr","locations":[{"start":{"line":57,"column":18},"end":{"line":57,"column":50}},{"start":{"line":57,"column":53},"end":{"line":57,"column":84}}],"line":57},"13":{"loc":{"start":{"line":64,"column":6},"end":{"line":70,"column":11}},"type":"cond-expr","locations":[{"start":{"line":65,"column":10},"end":{"line":65,"column":25}},{"start":{"line":66,"column":10},"end":{"line":70,"column":11}}],"line":64},"14":{"loc":{"start":{"line":67,"column":12},"end":{"line":69,"column":49}},"type":"cond-expr","locations":[{"start":{"line":68,"column":16},"end":{"line":68,"column":49}},{"start":{"line":69,"column":16},"end":{"line":69,"column":49}}],"line":67},"15":{"loc":{"start":{"line":84,"column":20},"end":{"line":84,"column":78}},"type":"binary-expr","locations":[{"start":{"line":84,"column":20},"end":{"line":84,"column":43}},{"start":{"line":84,"column":47},"end":{"line":84,"column":78}}],"line":84},"16":{"loc":{"start":{"line":95,"column":14},"end":{"line":95,"column":48}},"type":"default-arg","locations":[{"start":{"line":95,"column":32},"end":{"line":95,"column":48}}],"line":95},"17":{"loc":{"start":{"line":95,"column":50},"end":{"line":95,"column":71}},"type":"default-arg","locations":[{"start":{"line":95,"column":61},"end":{"line":95,"column":71}}],"line":95},"18":{"loc":{"start":{"line":98,"column":18},"end":{"line":98,"column":88}},"type":"cond-expr","locations":[{"start":{"line":98,"column":67},"end":{"line":98,"column":77}},{"start":{"line":98,"column":80},"end":{"line":98,"column":88}}],"line":98},"19":{"loc":{"start":{"line":99,"column":25},"end":{"line":103,"column":27}},"type":"cond-expr","locations":[{"start":{"line":102,"column":12},"end":{"line":102,"column":28}},{"start":{"line":103,"column":12},"end":{"line":103,"column":27}}],"line":99},"20":{"loc":{"start":{"line":111,"column":6},"end":{"line":111,"column":53}},"type":"binary-expr","locations":[{"start":{"line":111,"column":6},"end":{"line":111,"column":36}},{"start":{"line":111,"column":40},"end":{"line":111,"column":53}}],"line":111},"21":{"loc":{"start":{"line":137,"column":50},"end":{"line":137,"column":59}},"type":"binary-expr","locations":[{"start":{"line":137,"column":50},"end":{"line":137,"column":54}},{"start":{"line":137,"column":58},"end":{"line":137,"column":59}}],"line":137},"22":{"loc":{"start":{"line":140,"column":39},"end":{"line":140,"column":55}},"type":"binary-expr","locations":[{"start":{"line":140,"column":39},"end":{"line":140,"column":49}},{"start":{"line":140,"column":53},"end":{"line":140,"column":55}}],"line":140},"23":{"loc":{"start":{"line":142,"column":6},"end":{"line":147,"column":7}},"type":"if","locations":[{"start":{"line":142,"column":6},"end":{"line":147,"column":7}},{"start":{"line":142,"column":6},"end":{"line":147,"column":7}}],"line":142},"24":{"loc":{"start":{"line":145,"column":31},"end":{"line":145,"column":40}},"type":"binary-expr","locations":[{"start":{"line":145,"column":31},"end":{"line":145,"column":35}},{"start":{"line":145,"column":39},"end":{"line":145,"column":40}}],"line":145},"25":{"loc":{"start":{"line":168,"column":8},"end":{"line":201,"column":9}},"type":"if","locations":[{"start":{"line":168,"column":8},"end":{"line":201,"column":9}},{"start":{"line":168,"column":8},"end":{"line":201,"column":9}}],"line":168},"26":{"loc":{"start":{"line":184,"column":10},"end":{"line":194,"column":11}},"type":"if","locations":[{"start":{"line":184,"column":10},"end":{"line":194,"column":11}},{"start":{"line":184,"column":10},"end":{"line":194,"column":11}}],"line":184},"27":{"loc":{"start":{"line":186,"column":64},"end":{"line":186,"column":73}},"type":"binary-expr","locations":[{"start":{"line":186,"column":64},"end":{"line":186,"column":68}},{"start":{"line":186,"column":72},"end":{"line":186,"column":73}}],"line":186},"28":{"loc":{"start":{"line":195,"column":15},"end":{"line":201,"column":9}},"type":"if","locations":[{"start":{"line":195,"column":15},"end":{"line":201,"column":9}},{"start":{"line":195,"column":15},"end":{"line":201,"column":9}}],"line":195},"29":{"loc":{"start":{"line":207,"column":8},"end":{"line":212,"column":16}},"type":"cond-expr","locations":[{"start":{"line":208,"column":12},"end":{"line":211,"column":14}},{"start":{"line":212,"column":12},"end":{"line":212,"column":16}}],"line":207},"30":{"loc":{"start":{"line":238,"column":6},"end":{"line":240,"column":7}},"type":"if","locations":[{"start":{"line":238,"column":6},"end":{"line":240,"column":7}},{"start":{"line":238,"column":6},"end":{"line":240,"column":7}}],"line":238},"31":{"loc":{"start":{"line":249,"column":6},"end":{"line":253,"column":7}},"type":"if","locations":[{"start":{"line":249,"column":6},"end":{"line":253,"column":7}},{"start":{"line":249,"column":6},"end":{"line":253,"column":7}}],"line":249}},"s":{"0":1,"1":35568420,"2":71136840,"3":1,"4":176694,"5":656426,"6":656426,"7":656426,"8":656426,"9":1,"10":176694,"11":176694,"12":176694,"13":176694,"14":14008020,"15":176694,"16":3346034,"17":0,"18":3346034,"19":11,"20":3346023,"21":176694,"22":3657976,"23":0,"24":3657976,"25":19,"26":3657957,"27":176694,"28":43917,"29":10780200,"30":176694,"31":43917,"32":163236,"33":176694,"34":42914,"35":42914,"36":3346034,"37":42914,"38":176694,"39":155971,"40":155971,"41":155971,"42":176694,"43":163236,"44":176694,"45":43917,"46":163236,"47":3346034,"48":176694,"49":49613,"50":49613,"51":49613,"52":49613,"53":2,"54":49611,"55":49611,"56":49613,"57":176694,"58":43917,"59":43917,"60":43917,"61":43917,"62":43917,"63":43917,"64":163236,"65":163236,"66":49606,"67":49606,"68":49606,"69":46166,"70":46166,"71":46166,"72":3440,"73":113630,"74":109805,"75":43917,"76":43917,"77":43917,"78":43917,"79":43917,"80":43917,"81":43917,"82":176694,"83":8,"84":8,"85":1,"86":7,"87":7,"88":7,"89":1,"90":6,"91":7,"92":7,"93":176694,"94":44943,"95":166718,"96":176694},"f":{"0":35568420,"1":71136840,"2":176694,"3":656426,"4":656426,"5":656426,"6":656426,"7":176694,"8":14008020,"9":3346034,"10":3657976,"11":43917,"12":10780200,"13":43917,"14":163236,"15":42914,"16":3346034,"17":155971,"18":163236,"19":43917,"20":163236,"21":3346034,"22":49613,"23":43917,"24":8,"25":44943,"26":166718},"b":{"0":[176685],"1":[3346034],"2":[0,3346034],"3":[0,0],"4":[11,3346023],"5":[11,0],"6":[3346023,0],"7":[3346034],"8":[0,3657976],"9":[0,0],"10":[19,3657957],"11":[11,8],"12":[3346023,311934],"13":[0,43917],"14":[17,10780183],"15":[3346034,3346034],"16":[42914],"17":[42914],"18":[29644,126327],"19":[38408,117563],"20":[163236,53431],"21":[49613,3464],"22":[49613,7],"23":[2,49611],"24":[49611,3462],"25":[49606,113630],"26":[46166,3440],"27":[46166,3460],"28":[109805,3825],"29":[42914,1003],"30":[1,7],"31":[1,6]},"_coverageSchema":"43e27e138ebf9cfc5966b082cf9a028302ed4184","hash":"af7009e29904e2d31825728cac941f78c18ac9a2"}
}
