TN:
SF:/Users/marco/Projects/use-combined-pagination/src/index.tsx
FNF:0
FNH:0
LF:0
LH:0
BRF:0
BRH:0
end_of_record
TN:
SF:/Users/marco/Projects/use-combined-pagination/src/types.ts
FNF:0
FNH:0
LF:0
LH:0
BRF:0
BRH:0
end_of_record
TN:
SF:/Users/marco/Projects/use-combined-pagination/src/useCombinedPagination.ts
FN:5,(anonymous_0)
FN:6,(anonymous_1)
FN:8,(anonymous_2)
FN:9,(anonymous_3)
FN:11,(anonymous_4)
FN:13,(anonymous_5)
FN:16,(anonymous_6)
FN:20,(anonymous_7)
FN:30,(anonymous_8)
FN:33,(anonymous_9)
FN:48,(anonymous_10)
FN:63,(anonymous_11)
FN:66,(anonymous_12)
FN:75,(anonymous_13)
FN:75,(anonymous_14)
FN:80,(anonymous_15)
FN:84,(anonymous_16)
FN:93,(anonymous_17)
FN:110,(anonymous_18)
FN:116,(anonymous_19)
FN:118,(anonymous_20)
FN:118,(anonymous_21)
FN:125,(anonymous_22)
FN:155,(anonymous_23)
FN:235,(anonymous_24)
FN:261,(anonymous_25)
FN:262,(anonymous_26)
FNF:27
FNH:27
FNDA:35568420,(anonymous_0)
FNDA:71136840,(anonymous_1)
FNDA:176694,(anonymous_2)
FNDA:656426,(anonymous_3)
FNDA:656426,(anonymous_4)
FNDA:656426,(anonymous_5)
FNDA:656426,(anonymous_6)
FNDA:176694,(anonymous_7)
FNDA:14008020,(anonymous_8)
FNDA:3346034,(anonymous_9)
FNDA:3657976,(anonymous_10)
FNDA:43917,(anonymous_11)
FNDA:10780200,(anonymous_12)
FNDA:43917,(anonymous_13)
FNDA:163236,(anonymous_14)
FNDA:42914,(anonymous_15)
FNDA:3346034,(anonymous_16)
FNDA:155971,(anonymous_17)
FNDA:163236,(anonymous_18)
FNDA:43917,(anonymous_19)
FNDA:163236,(anonymous_20)
FNDA:3346034,(anonymous_21)
FNDA:49613,(anonymous_22)
FNDA:43917,(anonymous_23)
FNDA:8,(anonymous_24)
FNDA:44943,(anonymous_25)
FNDA:166718,(anonymous_26)
DA:5,1
DA:6,71136840
DA:8,176694
DA:9,656426
DA:11,656426
DA:13,656426
DA:16,656426
DA:20,1
DA:26,176694
DA:27,176694
DA:28,176694
DA:30,14008020
DA:32,176694
DA:34,3346034
DA:35,0
DA:38,3346034
DA:39,11
DA:42,3346023
DA:47,176694
DA:49,3657976
DA:50,0
DA:53,3657976
DA:54,19
DA:57,3657957
DA:62,176694
DA:64,43917
DA:67,10780200
DA:74,176694
DA:75,163236
DA:79,176694
DA:81,42914
DA:83,42914
DA:84,3346034
DA:87,42914
DA:92,176694
DA:94,155971
DA:95,155971
DA:97,155971
DA:109,176694
DA:111,163236
DA:115,176694
DA:117,43917
DA:118,3346034
DA:124,176694
DA:136,49613
DA:137,49613
DA:140,49613
DA:142,49613
DA:143,2
DA:145,49611
DA:146,49611
DA:149,49613
DA:154,176694
DA:156,43917
DA:157,43917
DA:160,43917
DA:161,43917
DA:165,43917
DA:166,163236
DA:168,163236
DA:176,49606
DA:183,49606
DA:184,49606
DA:185,46166
DA:186,46166
DA:187,46166
DA:193,3440
DA:195,113630
DA:196,109805
DA:204,43917
DA:207,43917
DA:214,43917
DA:216,43917
DA:217,43917
DA:218,43917
DA:219,43917
DA:234,176694
DA:236,8
DA:238,8
DA:239,1
DA:242,7
DA:248,7
DA:249,7
DA:250,1
DA:252,6
DA:254,7
DA:256,7
DA:261,176694
DA:262,166718
DA:265,176694
LF:90
LH:88
BRDA:24,0,0,176685
BRDA:33,1,0,3346034
BRDA:34,2,0,0
BRDA:34,2,1,3346034
BRDA:35,3,0,0
BRDA:35,3,1,0
BRDA:38,4,0,11
BRDA:38,4,1,3346023
BRDA:39,5,0,11
BRDA:39,5,1,0
BRDA:42,6,0,3346023
BRDA:42,6,1,0
BRDA:48,7,0,3346034
BRDA:49,8,0,0
BRDA:49,8,1,3657976
BRDA:50,9,0,0
BRDA:50,9,1,0
BRDA:53,10,0,19
BRDA:53,10,1,3657957
BRDA:54,11,0,11
BRDA:54,11,1,8
BRDA:57,12,0,3346023
BRDA:57,12,1,311934
BRDA:64,13,0,0
BRDA:64,13,1,43917
BRDA:67,14,0,17
BRDA:67,14,1,10780183
BRDA:84,15,0,3346034
BRDA:84,15,1,3346034
BRDA:95,16,0,42914
BRDA:95,17,0,42914
BRDA:98,18,0,29644
BRDA:98,18,1,126327
BRDA:99,19,0,38408
BRDA:99,19,1,117563
BRDA:111,20,0,163236
BRDA:111,20,1,53431
BRDA:137,21,0,49613
BRDA:137,21,1,3464
BRDA:140,22,0,49613
BRDA:140,22,1,7
BRDA:142,23,0,2
BRDA:142,23,1,49611
BRDA:145,24,0,49611
BRDA:145,24,1,3462
BRDA:168,25,0,49606
BRDA:168,25,1,113630
BRDA:184,26,0,46166
BRDA:184,26,1,3440
BRDA:186,27,0,46166
BRDA:186,27,1,3460
BRDA:195,28,0,109805
BRDA:195,28,1,3825
BRDA:207,29,0,42914
BRDA:207,29,1,1003
BRDA:238,30,0,1
BRDA:238,30,1,7
BRDA:249,31,0,1
BRDA:249,31,1,6
BRF:59
BRH:50
end_of_record
